
=== PERFECT FLAGS ===============================================================

PERFECT_BRANCH_PRED = 1
PERFECT_DCACHE      = 0
PERFECT_ICACHE      = 0
PERFECT_TRACE_CACHE = 1
ORACLE_DISAMBIG     = 1

=== STRUCTURES AND POLICIES =====================================================

FETCH QUEUE = 64
RENAMER:
   ACTIVE LIST = 128
   PHYSICAL REGISTER FILE = 192 (auto-sized w.r.t. Active List)
   BRANCH CHECKPOINTS = 32
SCHEDULER:
   ISSUE QUEUE = 32
   PARTITIONS = 4
   PRESTEER = 0
   IDEAL AGE-BASED = 0
LOAD/STORE UNIT:
   LOAD QUEUE = 64
   STORE QUEUE = 64
   MEMORY DEPENDENCE PREDICTOR: oracle
   SPLIT STORES = 0

=== PIPELINE STAGE WIDTHS =======================================================

FETCH WIDTH = 8
DISPATCH WIDTH = 8
ISSUE WIDTH = 16
RETIRE WIDTH = 8

=== EXECUTION LANES =============================================================

        |latency |   BR   |   LS   |  ALU_S |  ALU_C | LS_FP  | ALU_FP |  MTF   |
        +--------+--------+--------+--------+--------+--------+--------+--------+
lane 0  |    3   |        |   x    |        |        |   x    |        |        |
lane 1  |    1   |   x    |        |   x    |        |        |        |   x    |
lane 2  |    3   |        |        |        |   x    |        |   x    |        |
lane 3  |    1   |   x    |        |   x    |        |        |        |   x    |
lane 4  |    1   |   x    |        |   x    |        |        |        |   x    |
lane 5  |    3   |        |   x    |        |        |   x    |        |        |
lane 6  |    1   |   x    |        |   x    |        |        |        |   x    |
lane 7  |    3   |        |        |        |   x    |        |   x    |        |
lane 8  |    3   |        |   x    |        |        |   x    |        |        |
lane 9  |    1   |   x    |        |   x    |        |        |        |   x    |
lane 10  |    3   |        |        |        |   x    |        |   x    |        |
lane 11  |    1   |   x    |        |   x    |        |        |        |   x    |
lane 12  |    1   |   x    |        |   x    |        |        |        |   x    |
lane 13  |    3   |        |   x    |        |        |   x    |        |        |
lane 14  |    1   |   x    |        |   x    |        |        |        |   x    |
lane 15  |    3   |        |        |        |   x    |        |   x    |        |

=== MEMORY HIERARCHY ============================================================

L1 I$:
   64 KB, 8-way set-associative, 64 B block size
   hit latency = 1 cycles (superseded by fetch unit's pipeline depth)
   MHSRs = 32
L1 D$:
   64 KB, 4-way set-associative, 64 B block size
   hit latency = 1 cycles (superseded by load/store lane's pipeline depth)
   MHSRs = 128
L2$:
   1 MB, 8-way set-associative, 64 B block size
   hit latency = 10 cycles 
   MHSRs = 128
L3$:
   8 MB, 16-way set-associative, 128 B block size
   hit latency = 30 cycles 
   MHSRs = 128
   miss latency = 100 cycles

=== BRANCH PREDICTOR ============================================================

BQ_SIZE = 224 (auto-sized)
BTB_ENTRIES = 8192
BTB_ASSOC = 4
RAS_SIZE = 64
COND_BRANCH_PRED_PER_CYCLE = 3
CBP_ALGORITHM = gshare
CBP_PC_LENGTH = 20
CBP_BHR_LENGTH = 16
IBP_PC_LENGTH = 20
IBP_BHR_LENGTH = 16
ENABLE_TRACE_CACHE = 1

=== VALUE PREDICTOR ============================================================

VALUE PREDICTOR = stride (Project 4 spec. implementation)

COST ACCOUNTING
  One SVP entry:
    tag	:  8 bits // num_tag_bits
    conf	:  3 bits // formula: (uint64_t)ceil(log2((double)(confmax+1)))
    retired_value	:  64 bits //RISCV64 integer size.
    stride	:  64 bits //RISCV64 integer size. Competition opportunity: truncate stride to far fewer bits based on stride distribution of stride-predictable instructions.
    instance ctr	:  8 bits //formula: (uint64_t)ceil(log2((double)VPQsize))
    -------------------------
    bits/SVP entry: 147  One VPQ entry:
    PC_tag	: 8 bits  // num_tag_bits
    PC_index	: 8 bits  // num_tag_bits
    value	: 64 bits  // num_tag_bits
    -------------------------
    bits/VPQ entry: 80
  Total storage cost (bits) = 37632 (256 SVP entries x 147 bits/SVP entry) + 16000 (200 VPQ entries x 80 bits/VPQ entry) = 53632 bits
  Total storage cost (bytes) = 6704 B

=== INTERNAL SIMULATOR STRUCTURES ===============================================

PAYLOAD_BUFFER_SIZE = 512

=== END CONFIGURATION ===========================================================

[stats]
commit_count : 10000
cycle_count : 12277
exception_count : 0
ld_vio_count : 0
split_count : 0
[rates]
ipc_rate : 0.81
BRANCH PREDICTION MEASUREMENTS---------------------
Type                      n          m     mr  mpki
All                    1977          0  0.00%  0.00
Branch                 1974          0  0.00%  0.00
Jump Direct               1          0  0.00%  0.00
Call Direct               1          0  0.00%  0.00
Jump Indirect             0          0  -nan%  0.00
Call Indirect             0          0  -nan%  0.00
Return                    1          0  0.00%  0.00
(Number of Jump Indirects whose target was the next sequential PC = 0)
BTB MEASUREMENTS-----------------------------------
BTB misses (fetch cycles squashed due to a BTB miss) = 0 (0.00% of all cycles)
LSU MEASUREMENTS-----------------------------------
LOADS (retired)
  loads            = 2589
  disambig. stall  = 1 (0.04%)
     disambig. stall: addr. unknown = 0 (0.00%)
        true dep. stall             = 0 (0.00%)
        false dep. stall            = 0 (0.00%)
     disambig. stall: value or size = 1 (0.04%)
  load violations  = 0 (0.00%)
  forward          = 91 (3.51%)
  miss stall       = 980 (37.85%)
STORES (retired)
  stores           = 392
  miss stall       = 0 (0.00%)
MDP quick stats
  false stalls     = 0
  load violations  = 0
VPU MEASUREMENTS-----------------------------------
vpmeas_ineligible		:	2369
	vpmeas_ineligible_type:	2369
	vpmeas_ineligible_drop:	0

vpmeas_eligible		:	7631
	vpmeas_miss:	183
	vpmeas_conf_corr:	2410
	vpmeas_conf_incorr:	0
	vpmeas_unconf_corr:	0
	vpmeas_unconf_incorr:	5038
