
=== PERFECT FLAGS ===============================================================

PERFECT_BRANCH_PRED = 0
PERFECT_DCACHE      = 0
PERFECT_ICACHE      = 0
PERFECT_TRACE_CACHE = 1
ORACLE_DISAMBIG     = 0

=== STRUCTURES AND POLICIES =====================================================

FETCH QUEUE = 64
RENAMER:
   ACTIVE LIST = 256
   PHYSICAL REGISTER FILE = 320 (auto-sized w.r.t. Active List)
   BRANCH CHECKPOINTS = 32
SCHEDULER:
   ISSUE QUEUE = 64
   PARTITIONS = 4
   PRESTEER = 0
   IDEAL AGE-BASED = 0
LOAD/STORE UNIT:
   LOAD QUEUE = 128
   STORE QUEUE = 128
   MEMORY DEPENDENCE PREDICTOR: MDP-ctr (max ctr: 31)
   SPLIT STORES = 0

=== PIPELINE STAGE WIDTHS =======================================================

FETCH WIDTH = 8
DISPATCH WIDTH = 8
ISSUE WIDTH = 16
RETIRE WIDTH = 8

=== EXECUTION LANES =============================================================

        |latency |   BR   |   LS   |  ALU_S |  ALU_C | LS_FP  | ALU_FP |  MTF   |
        +--------+--------+--------+--------+--------+--------+--------+--------+
lane 0  |    3   |        |   x    |        |        |   x    |        |        |
lane 1  |    1   |   x    |        |   x    |        |        |        |   x    |
lane 2  |    3   |        |        |        |   x    |        |   x    |        |
lane 3  |    1   |   x    |        |   x    |        |        |        |   x    |
lane 4  |    1   |   x    |        |   x    |        |        |        |   x    |
lane 5  |    3   |        |   x    |        |        |   x    |        |        |
lane 6  |    1   |   x    |        |   x    |        |        |        |   x    |
lane 7  |    3   |        |        |        |   x    |        |   x    |        |
lane 8  |    3   |        |   x    |        |        |   x    |        |        |
lane 9  |    1   |   x    |        |   x    |        |        |        |   x    |
lane 10  |    3   |        |        |        |   x    |        |   x    |        |
lane 11  |    1   |   x    |        |   x    |        |        |        |   x    |
lane 12  |    1   |   x    |        |   x    |        |        |        |   x    |
lane 13  |    3   |        |   x    |        |        |   x    |        |        |
lane 14  |    1   |   x    |        |   x    |        |        |        |   x    |
lane 15  |    3   |        |        |        |   x    |        |   x    |        |

=== MEMORY HIERARCHY ============================================================

L1 I$:
   64 KB, 8-way set-associative, 64 B block size
   hit latency = 1 cycles (superseded by fetch unit's pipeline depth)
   MHSRs = 32
L1 D$:
   64 KB, 4-way set-associative, 64 B block size
   hit latency = 1 cycles (superseded by load/store lane's pipeline depth)
   MHSRs = 128
L2$:
   1 MB, 8-way set-associative, 64 B block size
   hit latency = 10 cycles 
   MHSRs = 128
L3$:
   8 MB, 16-way set-associative, 128 B block size
   hit latency = 30 cycles 
   MHSRs = 128
   miss latency = 100 cycles

=== BRANCH PREDICTOR ============================================================

BQ_SIZE = 352 (auto-sized)
BTB_ENTRIES = 8192
BTB_ASSOC = 4
RAS_SIZE = 64
COND_BRANCH_PRED_PER_CYCLE = 3
CBP_ALGORITHM = gshare
CBP_PC_LENGTH = 20
CBP_BHR_LENGTH = 16
IBP_PC_LENGTH = 20
IBP_BHR_LENGTH = 16
ENABLE_TRACE_CACHE = 1

=== VALUE PREDICTOR ============================================================

VALUE PREDICTOR = stride (Project 4 spec. implementation)

COST ACCOUNTING
  One SVP entry:
    tag	:  10 bits // num_tag_bits
    conf	:  4 bits // formula: (uint64_t)ceil(log2((double)(confmax+1)))
    retired_value	:  64 bits //RISCV64 integer size.
    stride	:  64 bits //RISCV64 integer size. Competition opportunity: truncate stride to far fewer bits based on stride distribution of stride-predictable instructions.
    instance ctr	:  9 bits //formula: (uint64_t)ceil(log2((double)VPQsize))
    -------------------------
    bits/SVP entry: 151  One VPQ entry:
    PC_tag	: 10 bits  // num_tag_bits
    PC_index	: 10 bits  // num_tag_bits
    value	: 64 bits  // num_tag_bits
    -------------------------
    bits/VPQ entry: 84
  Total storage cost (bits) = 154624 (1024 SVP entries x 151 bits/SVP entry) + 25200 (300 VPQ entries x 84 bits/VPQ entry) = 179824 bits
  Total storage cost (bytes) = 22478 B

=== INTERNAL SIMULATOR STRUCTURES ===============================================

PAYLOAD_BUFFER_SIZE = 1024

=== END CONFIGURATION ===========================================================

[stats]
commit_count : 10000001
cycle_count : 3693572
exception_count : 0
ld_vio_count : 4458
split_count : 0
[rates]
ipc_rate : 2.71
BRANCH PREDICTION MEASUREMENTS---------------------
Type                      n          m     mr  mpki
All                 1378428      37104  2.69%  3.71
Branch               992584      37102  3.74%  3.71
Jump Direct          122445          0  0.00%  0.00
Call Direct          131700          0  0.00%  0.00
Jump Indirect             0          0  -nan%  0.00
Call Indirect             0          0  -nan%  0.00
Return               131699          2  0.00%  0.00
(Number of Jump Indirects whose target was the next sequential PC = 0)
BTB MEASUREMENTS-----------------------------------
BTB misses (fetch cycles squashed due to a BTB miss) = 0 (0.00% of all cycles)
LSU MEASUREMENTS-----------------------------------
LOADS (retired)
  loads            = 2930984
  disambig. stall  = 393422 (13.42%)
     disambig. stall: addr. unknown = 393422 (13.42%)
        true dep. stall             = 68596 (2.34%)
        false dep. stall            = 324826 (11.08%)
     disambig. stall: value or size = 0 (0.00%)
  load violations  = 4458 (0.15%)
  forward          = 786729 (26.84%)
  miss stall       = 76208 (2.60%)
STORES (retired)
  stores           = 1341677
  miss stall       = 0 (0.00%)
MDP quick stats
  false stalls     = 324826
  load violations  = 4458
VPU MEASUREMENTS-----------------------------------
vpmeas_ineligible		:	2720105
	vpmeas_ineligible_type:	2720105
	vpmeas_ineligible_drop:	0

vpmeas_eligible		:	7279896
	vpmeas_miss:	242
	vpmeas_conf_corr:	4368074
	vpmeas_conf_incorr:	12326
	vpmeas_unconf_corr:	32067
	vpmeas_unconf_incorr:	2867187
